<?xml version="1.0" encoding="UTF-8"?>
<testng-results skipped="0" failed="0" ignored="0" total="1" passed="1">
  <reporter-output>
  </reporter-output>
  <suite name="Suite" duration-ms="78" started-at="2021-04-30T17:04:53 EDT" finished-at="2021-04-30T17:04:53 EDT">
    <groups>
    </groups>
    <test name="Test" duration-ms="78" started-at="2021-04-30T17:04:53 EDT" finished-at="2021-04-30T17:04:53 EDT">
      <class name="tests.InitialTest">
        <test-method status="PASS" signature="firstTest()[pri:0, instance:tests.InitialTest@4d41cee]" name="firstTest" duration-ms="16" started-at="2021-04-30T17:04:53 EDT" finished-at="2021-04-30T17:04:53 EDT">
          <reporter-output>
          </reporter-output>
        </test-method> <!-- firstTest -->
      </class> <!-- tests.InitialTest -->
    </test> <!-- Test -->
  </suite> <!-- Suite -->
</testng-results>
